ARM GAS  C:\Users\cedri\AppData\Local\Temp\ccllmm1v.s 			page 1


   1              		.cpu cortex-m3
   2              		.arch armv7-m
   3              		.fpu softvfp
   4              		.eabi_attribute 20, 1
   5              		.eabi_attribute 21, 1
   6              		.eabi_attribute 23, 3
   7              		.eabi_attribute 24, 1
   8              		.eabi_attribute 25, 1
   9              		.eabi_attribute 26, 1
  10              		.eabi_attribute 30, 1
  11              		.eabi_attribute 34, 1
  12              		.eabi_attribute 18, 4
  13              		.file	"stm32l1xx_it.c"
  14              		.text
  15              	.Ltext0:
  16              		.cfi_sections	.debug_frame
  17              		.file 1 "Core/Src/stm32l1xx_it.c"
  18              		.section	.text.NMI_Handler,"ax",%progbits
  19              		.align	1
  20              		.global	NMI_Handler
  21              		.syntax unified
  22              		.thumb
  23              		.thumb_func
  25              	NMI_Handler:
  26              	.LFB72:
   1:Core/Src/stm32l1xx_it.c **** /* USER CODE BEGIN Header */
   2:Core/Src/stm32l1xx_it.c **** /**
   3:Core/Src/stm32l1xx_it.c ****   ******************************************************************************
   4:Core/Src/stm32l1xx_it.c ****   * @file    stm32l1xx_it.c
   5:Core/Src/stm32l1xx_it.c ****   * @brief   Interrupt Service Routines.
   6:Core/Src/stm32l1xx_it.c ****   ******************************************************************************
   7:Core/Src/stm32l1xx_it.c ****   * @attention
   8:Core/Src/stm32l1xx_it.c ****   *
   9:Core/Src/stm32l1xx_it.c ****   * Copyright (c) 2023 STMicroelectronics.
  10:Core/Src/stm32l1xx_it.c ****   * All rights reserved.
  11:Core/Src/stm32l1xx_it.c ****   *
  12:Core/Src/stm32l1xx_it.c ****   * This software is licensed under terms that can be found in the LICENSE file
  13:Core/Src/stm32l1xx_it.c ****   * in the root directory of this software component.
  14:Core/Src/stm32l1xx_it.c ****   * If no LICENSE file comes with this software, it is provided AS-IS.
  15:Core/Src/stm32l1xx_it.c ****   *
  16:Core/Src/stm32l1xx_it.c ****   ******************************************************************************
  17:Core/Src/stm32l1xx_it.c ****   */
  18:Core/Src/stm32l1xx_it.c **** /* USER CODE END Header */
  19:Core/Src/stm32l1xx_it.c **** 
  20:Core/Src/stm32l1xx_it.c **** /* Includes ------------------------------------------------------------------*/
  21:Core/Src/stm32l1xx_it.c **** #include "main.h"
  22:Core/Src/stm32l1xx_it.c **** #include "stm32l1xx_it.h"
  23:Core/Src/stm32l1xx_it.c **** /* Private includes ----------------------------------------------------------*/
  24:Core/Src/stm32l1xx_it.c **** /* USER CODE BEGIN Includes */
  25:Core/Src/stm32l1xx_it.c **** /* USER CODE END Includes */
  26:Core/Src/stm32l1xx_it.c **** 
  27:Core/Src/stm32l1xx_it.c **** /* Private typedef -----------------------------------------------------------*/
  28:Core/Src/stm32l1xx_it.c **** /* USER CODE BEGIN TD */
  29:Core/Src/stm32l1xx_it.c **** 
  30:Core/Src/stm32l1xx_it.c **** /* USER CODE END TD */
  31:Core/Src/stm32l1xx_it.c **** 
  32:Core/Src/stm32l1xx_it.c **** /* Private define ------------------------------------------------------------*/
ARM GAS  C:\Users\cedri\AppData\Local\Temp\ccllmm1v.s 			page 2


  33:Core/Src/stm32l1xx_it.c **** /* USER CODE BEGIN PD */
  34:Core/Src/stm32l1xx_it.c **** 
  35:Core/Src/stm32l1xx_it.c **** /* USER CODE END PD */
  36:Core/Src/stm32l1xx_it.c **** 
  37:Core/Src/stm32l1xx_it.c **** /* Private macro -------------------------------------------------------------*/
  38:Core/Src/stm32l1xx_it.c **** /* USER CODE BEGIN PM */
  39:Core/Src/stm32l1xx_it.c **** 
  40:Core/Src/stm32l1xx_it.c **** /* USER CODE END PM */
  41:Core/Src/stm32l1xx_it.c **** 
  42:Core/Src/stm32l1xx_it.c **** /* Private variables ---------------------------------------------------------*/
  43:Core/Src/stm32l1xx_it.c **** /* USER CODE BEGIN PV */
  44:Core/Src/stm32l1xx_it.c **** 
  45:Core/Src/stm32l1xx_it.c **** /* USER CODE END PV */
  46:Core/Src/stm32l1xx_it.c **** 
  47:Core/Src/stm32l1xx_it.c **** /* Private function prototypes -----------------------------------------------*/
  48:Core/Src/stm32l1xx_it.c **** /* USER CODE BEGIN PFP */
  49:Core/Src/stm32l1xx_it.c **** 
  50:Core/Src/stm32l1xx_it.c **** /* USER CODE END PFP */
  51:Core/Src/stm32l1xx_it.c **** 
  52:Core/Src/stm32l1xx_it.c **** /* Private user code ---------------------------------------------------------*/
  53:Core/Src/stm32l1xx_it.c **** /* USER CODE BEGIN 0 */
  54:Core/Src/stm32l1xx_it.c **** 
  55:Core/Src/stm32l1xx_it.c **** /* USER CODE END 0 */
  56:Core/Src/stm32l1xx_it.c **** 
  57:Core/Src/stm32l1xx_it.c **** /* External variables --------------------------------------------------------*/
  58:Core/Src/stm32l1xx_it.c **** extern DMA_HandleTypeDef hdma_adc;
  59:Core/Src/stm32l1xx_it.c **** extern ADC_HandleTypeDef hadc;
  60:Core/Src/stm32l1xx_it.c **** extern TIM_HandleTypeDef htim2;
  61:Core/Src/stm32l1xx_it.c **** extern TIM_HandleTypeDef htim3;
  62:Core/Src/stm32l1xx_it.c **** extern TIM_HandleTypeDef htim9;
  63:Core/Src/stm32l1xx_it.c **** extern TIM_HandleTypeDef htim10;
  64:Core/Src/stm32l1xx_it.c **** extern TIM_HandleTypeDef htim11;
  65:Core/Src/stm32l1xx_it.c **** /* USER CODE BEGIN EV */
  66:Core/Src/stm32l1xx_it.c **** 
  67:Core/Src/stm32l1xx_it.c **** /* USER CODE END EV */
  68:Core/Src/stm32l1xx_it.c **** 
  69:Core/Src/stm32l1xx_it.c **** /******************************************************************************/
  70:Core/Src/stm32l1xx_it.c **** /*           Cortex-M3 Processor Interruption and Exception Handlers          */
  71:Core/Src/stm32l1xx_it.c **** /******************************************************************************/
  72:Core/Src/stm32l1xx_it.c **** /**
  73:Core/Src/stm32l1xx_it.c ****   * @brief This function handles Non maskable interrupt.
  74:Core/Src/stm32l1xx_it.c ****   */
  75:Core/Src/stm32l1xx_it.c **** void NMI_Handler(void)
  76:Core/Src/stm32l1xx_it.c **** {
  27              		.loc 1 76 1 view -0
  28              		.cfi_startproc
  29              		@ Volatile: function does not return.
  30              		@ args = 0, pretend = 0, frame = 0
  31              		@ frame_needed = 0, uses_anonymous_args = 0
  32              		@ link register save eliminated.
  33              	.L2:
  77:Core/Src/stm32l1xx_it.c ****   /* USER CODE BEGIN NonMaskableInt_IRQn 0 */
  78:Core/Src/stm32l1xx_it.c **** 
  79:Core/Src/stm32l1xx_it.c ****   /* USER CODE END NonMaskableInt_IRQn 0 */
  80:Core/Src/stm32l1xx_it.c ****   /* USER CODE BEGIN NonMaskableInt_IRQn 1 */
  81:Core/Src/stm32l1xx_it.c ****   while (1)
  34              		.loc 1 81 3 view .LVU1
ARM GAS  C:\Users\cedri\AppData\Local\Temp\ccllmm1v.s 			page 3


  82:Core/Src/stm32l1xx_it.c ****   {
  83:Core/Src/stm32l1xx_it.c ****   }
  35              		.loc 1 83 3 view .LVU2
  81:Core/Src/stm32l1xx_it.c ****   {
  36              		.loc 1 81 9 view .LVU3
  37 0000 FEE7     		b	.L2
  38              		.cfi_endproc
  39              	.LFE72:
  41              		.section	.text.HardFault_Handler,"ax",%progbits
  42              		.align	1
  43              		.global	HardFault_Handler
  44              		.syntax unified
  45              		.thumb
  46              		.thumb_func
  48              	HardFault_Handler:
  49              	.LFB73:
  84:Core/Src/stm32l1xx_it.c ****   /* USER CODE END NonMaskableInt_IRQn 1 */
  85:Core/Src/stm32l1xx_it.c **** }
  86:Core/Src/stm32l1xx_it.c **** 
  87:Core/Src/stm32l1xx_it.c **** /**
  88:Core/Src/stm32l1xx_it.c ****   * @brief This function handles Hard fault interrupt.
  89:Core/Src/stm32l1xx_it.c ****   */
  90:Core/Src/stm32l1xx_it.c **** void HardFault_Handler(void)
  91:Core/Src/stm32l1xx_it.c **** {
  50              		.loc 1 91 1 view -0
  51              		.cfi_startproc
  52              		@ Volatile: function does not return.
  53              		@ args = 0, pretend = 0, frame = 0
  54              		@ frame_needed = 0, uses_anonymous_args = 0
  55              		@ link register save eliminated.
  56              	.L4:
  92:Core/Src/stm32l1xx_it.c ****   /* USER CODE BEGIN HardFault_IRQn 0 */
  93:Core/Src/stm32l1xx_it.c **** 
  94:Core/Src/stm32l1xx_it.c ****   /* USER CODE END HardFault_IRQn 0 */
  95:Core/Src/stm32l1xx_it.c ****   while (1)
  57              		.loc 1 95 3 view .LVU5
  96:Core/Src/stm32l1xx_it.c ****   {
  97:Core/Src/stm32l1xx_it.c ****     /* USER CODE BEGIN W1_HardFault_IRQn 0 */
  98:Core/Src/stm32l1xx_it.c ****     /* USER CODE END W1_HardFault_IRQn 0 */
  99:Core/Src/stm32l1xx_it.c ****   }
  58              		.loc 1 99 3 view .LVU6
  95:Core/Src/stm32l1xx_it.c ****   {
  59              		.loc 1 95 9 view .LVU7
  60 0000 FEE7     		b	.L4
  61              		.cfi_endproc
  62              	.LFE73:
  64              		.section	.text.MemManage_Handler,"ax",%progbits
  65              		.align	1
  66              		.global	MemManage_Handler
  67              		.syntax unified
  68              		.thumb
  69              		.thumb_func
  71              	MemManage_Handler:
  72              	.LFB74:
 100:Core/Src/stm32l1xx_it.c **** }
 101:Core/Src/stm32l1xx_it.c **** 
 102:Core/Src/stm32l1xx_it.c **** /**
ARM GAS  C:\Users\cedri\AppData\Local\Temp\ccllmm1v.s 			page 4


 103:Core/Src/stm32l1xx_it.c ****   * @brief This function handles Memory management fault.
 104:Core/Src/stm32l1xx_it.c ****   */
 105:Core/Src/stm32l1xx_it.c **** void MemManage_Handler(void)
 106:Core/Src/stm32l1xx_it.c **** {
  73              		.loc 1 106 1 view -0
  74              		.cfi_startproc
  75              		@ Volatile: function does not return.
  76              		@ args = 0, pretend = 0, frame = 0
  77              		@ frame_needed = 0, uses_anonymous_args = 0
  78              		@ link register save eliminated.
  79              	.L6:
 107:Core/Src/stm32l1xx_it.c ****   /* USER CODE BEGIN MemoryManagement_IRQn 0 */
 108:Core/Src/stm32l1xx_it.c **** 
 109:Core/Src/stm32l1xx_it.c ****   /* USER CODE END MemoryManagement_IRQn 0 */
 110:Core/Src/stm32l1xx_it.c ****   while (1)
  80              		.loc 1 110 3 view .LVU9
 111:Core/Src/stm32l1xx_it.c ****   {
 112:Core/Src/stm32l1xx_it.c ****     /* USER CODE BEGIN W1_MemoryManagement_IRQn 0 */
 113:Core/Src/stm32l1xx_it.c ****     /* USER CODE END W1_MemoryManagement_IRQn 0 */
 114:Core/Src/stm32l1xx_it.c ****   }
  81              		.loc 1 114 3 view .LVU10
 110:Core/Src/stm32l1xx_it.c ****   {
  82              		.loc 1 110 9 view .LVU11
  83 0000 FEE7     		b	.L6
  84              		.cfi_endproc
  85              	.LFE74:
  87              		.section	.text.BusFault_Handler,"ax",%progbits
  88              		.align	1
  89              		.global	BusFault_Handler
  90              		.syntax unified
  91              		.thumb
  92              		.thumb_func
  94              	BusFault_Handler:
  95              	.LFB75:
 115:Core/Src/stm32l1xx_it.c **** }
 116:Core/Src/stm32l1xx_it.c **** 
 117:Core/Src/stm32l1xx_it.c **** /**
 118:Core/Src/stm32l1xx_it.c ****   * @brief This function handles Pre-fetch fault, memory access fault.
 119:Core/Src/stm32l1xx_it.c ****   */
 120:Core/Src/stm32l1xx_it.c **** void BusFault_Handler(void)
 121:Core/Src/stm32l1xx_it.c **** {
  96              		.loc 1 121 1 view -0
  97              		.cfi_startproc
  98              		@ Volatile: function does not return.
  99              		@ args = 0, pretend = 0, frame = 0
 100              		@ frame_needed = 0, uses_anonymous_args = 0
 101              		@ link register save eliminated.
 102              	.L8:
 122:Core/Src/stm32l1xx_it.c ****   /* USER CODE BEGIN BusFault_IRQn 0 */
 123:Core/Src/stm32l1xx_it.c **** 
 124:Core/Src/stm32l1xx_it.c ****   /* USER CODE END BusFault_IRQn 0 */
 125:Core/Src/stm32l1xx_it.c ****   while (1)
 103              		.loc 1 125 3 view .LVU13
 126:Core/Src/stm32l1xx_it.c ****   {
 127:Core/Src/stm32l1xx_it.c ****     /* USER CODE BEGIN W1_BusFault_IRQn 0 */
 128:Core/Src/stm32l1xx_it.c ****     /* USER CODE END W1_BusFault_IRQn 0 */
 129:Core/Src/stm32l1xx_it.c ****   }
ARM GAS  C:\Users\cedri\AppData\Local\Temp\ccllmm1v.s 			page 5


 104              		.loc 1 129 3 view .LVU14
 125:Core/Src/stm32l1xx_it.c ****   {
 105              		.loc 1 125 9 view .LVU15
 106 0000 FEE7     		b	.L8
 107              		.cfi_endproc
 108              	.LFE75:
 110              		.section	.text.UsageFault_Handler,"ax",%progbits
 111              		.align	1
 112              		.global	UsageFault_Handler
 113              		.syntax unified
 114              		.thumb
 115              		.thumb_func
 117              	UsageFault_Handler:
 118              	.LFB76:
 130:Core/Src/stm32l1xx_it.c **** }
 131:Core/Src/stm32l1xx_it.c **** 
 132:Core/Src/stm32l1xx_it.c **** /**
 133:Core/Src/stm32l1xx_it.c ****   * @brief This function handles Undefined instruction or illegal state.
 134:Core/Src/stm32l1xx_it.c ****   */
 135:Core/Src/stm32l1xx_it.c **** void UsageFault_Handler(void)
 136:Core/Src/stm32l1xx_it.c **** {
 119              		.loc 1 136 1 view -0
 120              		.cfi_startproc
 121              		@ Volatile: function does not return.
 122              		@ args = 0, pretend = 0, frame = 0
 123              		@ frame_needed = 0, uses_anonymous_args = 0
 124              		@ link register save eliminated.
 125              	.L10:
 137:Core/Src/stm32l1xx_it.c ****   /* USER CODE BEGIN UsageFault_IRQn 0 */
 138:Core/Src/stm32l1xx_it.c **** 
 139:Core/Src/stm32l1xx_it.c ****   /* USER CODE END UsageFault_IRQn 0 */
 140:Core/Src/stm32l1xx_it.c ****   while (1)
 126              		.loc 1 140 3 view .LVU17
 141:Core/Src/stm32l1xx_it.c ****   {
 142:Core/Src/stm32l1xx_it.c ****     /* USER CODE BEGIN W1_UsageFault_IRQn 0 */
 143:Core/Src/stm32l1xx_it.c ****     /* USER CODE END W1_UsageFault_IRQn 0 */
 144:Core/Src/stm32l1xx_it.c ****   }
 127              		.loc 1 144 3 view .LVU18
 140:Core/Src/stm32l1xx_it.c ****   {
 128              		.loc 1 140 9 view .LVU19
 129 0000 FEE7     		b	.L10
 130              		.cfi_endproc
 131              	.LFE76:
 133              		.section	.text.SVC_Handler,"ax",%progbits
 134              		.align	1
 135              		.global	SVC_Handler
 136              		.syntax unified
 137              		.thumb
 138              		.thumb_func
 140              	SVC_Handler:
 141              	.LFB77:
 145:Core/Src/stm32l1xx_it.c **** }
 146:Core/Src/stm32l1xx_it.c **** 
 147:Core/Src/stm32l1xx_it.c **** /**
 148:Core/Src/stm32l1xx_it.c ****   * @brief This function handles System service call via SWI instruction.
 149:Core/Src/stm32l1xx_it.c ****   */
 150:Core/Src/stm32l1xx_it.c **** void SVC_Handler(void)
ARM GAS  C:\Users\cedri\AppData\Local\Temp\ccllmm1v.s 			page 6


 151:Core/Src/stm32l1xx_it.c **** {
 142              		.loc 1 151 1 view -0
 143              		.cfi_startproc
 144              		@ args = 0, pretend = 0, frame = 0
 145              		@ frame_needed = 0, uses_anonymous_args = 0
 146              		@ link register save eliminated.
 152:Core/Src/stm32l1xx_it.c ****   /* USER CODE BEGIN SVC_IRQn 0 */
 153:Core/Src/stm32l1xx_it.c **** 
 154:Core/Src/stm32l1xx_it.c ****   /* USER CODE END SVC_IRQn 0 */
 155:Core/Src/stm32l1xx_it.c ****   /* USER CODE BEGIN SVC_IRQn 1 */
 156:Core/Src/stm32l1xx_it.c **** 
 157:Core/Src/stm32l1xx_it.c ****   /* USER CODE END SVC_IRQn 1 */
 158:Core/Src/stm32l1xx_it.c **** }
 147              		.loc 1 158 1 view .LVU21
 148 0000 7047     		bx	lr
 149              		.cfi_endproc
 150              	.LFE77:
 152              		.section	.text.DebugMon_Handler,"ax",%progbits
 153              		.align	1
 154              		.global	DebugMon_Handler
 155              		.syntax unified
 156              		.thumb
 157              		.thumb_func
 159              	DebugMon_Handler:
 160              	.LFB78:
 159:Core/Src/stm32l1xx_it.c **** 
 160:Core/Src/stm32l1xx_it.c **** /**
 161:Core/Src/stm32l1xx_it.c ****   * @brief This function handles Debug monitor.
 162:Core/Src/stm32l1xx_it.c ****   */
 163:Core/Src/stm32l1xx_it.c **** void DebugMon_Handler(void)
 164:Core/Src/stm32l1xx_it.c **** {
 161              		.loc 1 164 1 view -0
 162              		.cfi_startproc
 163              		@ args = 0, pretend = 0, frame = 0
 164              		@ frame_needed = 0, uses_anonymous_args = 0
 165              		@ link register save eliminated.
 165:Core/Src/stm32l1xx_it.c ****   /* USER CODE BEGIN DebugMonitor_IRQn 0 */
 166:Core/Src/stm32l1xx_it.c **** 
 167:Core/Src/stm32l1xx_it.c ****   /* USER CODE END DebugMonitor_IRQn 0 */
 168:Core/Src/stm32l1xx_it.c ****   /* USER CODE BEGIN DebugMonitor_IRQn 1 */
 169:Core/Src/stm32l1xx_it.c **** 
 170:Core/Src/stm32l1xx_it.c ****   /* USER CODE END DebugMonitor_IRQn 1 */
 171:Core/Src/stm32l1xx_it.c **** }
 166              		.loc 1 171 1 view .LVU23
 167 0000 7047     		bx	lr
 168              		.cfi_endproc
 169              	.LFE78:
 171              		.section	.text.PendSV_Handler,"ax",%progbits
 172              		.align	1
 173              		.global	PendSV_Handler
 174              		.syntax unified
 175              		.thumb
 176              		.thumb_func
 178              	PendSV_Handler:
 179              	.LFB79:
 172:Core/Src/stm32l1xx_it.c **** 
 173:Core/Src/stm32l1xx_it.c **** /**
ARM GAS  C:\Users\cedri\AppData\Local\Temp\ccllmm1v.s 			page 7


 174:Core/Src/stm32l1xx_it.c ****   * @brief This function handles Pendable request for system service.
 175:Core/Src/stm32l1xx_it.c ****   */
 176:Core/Src/stm32l1xx_it.c **** void PendSV_Handler(void)
 177:Core/Src/stm32l1xx_it.c **** {
 180              		.loc 1 177 1 view -0
 181              		.cfi_startproc
 182              		@ args = 0, pretend = 0, frame = 0
 183              		@ frame_needed = 0, uses_anonymous_args = 0
 184              		@ link register save eliminated.
 178:Core/Src/stm32l1xx_it.c ****   /* USER CODE BEGIN PendSV_IRQn 0 */
 179:Core/Src/stm32l1xx_it.c **** 
 180:Core/Src/stm32l1xx_it.c ****   /* USER CODE END PendSV_IRQn 0 */
 181:Core/Src/stm32l1xx_it.c ****   /* USER CODE BEGIN PendSV_IRQn 1 */
 182:Core/Src/stm32l1xx_it.c **** 
 183:Core/Src/stm32l1xx_it.c ****   /* USER CODE END PendSV_IRQn 1 */
 184:Core/Src/stm32l1xx_it.c **** }
 185              		.loc 1 184 1 view .LVU25
 186 0000 7047     		bx	lr
 187              		.cfi_endproc
 188              	.LFE79:
 190              		.section	.text.SysTick_Handler,"ax",%progbits
 191              		.align	1
 192              		.global	SysTick_Handler
 193              		.syntax unified
 194              		.thumb
 195              		.thumb_func
 197              	SysTick_Handler:
 198              	.LFB80:
 185:Core/Src/stm32l1xx_it.c **** 
 186:Core/Src/stm32l1xx_it.c **** /**
 187:Core/Src/stm32l1xx_it.c ****   * @brief This function handles System tick timer.
 188:Core/Src/stm32l1xx_it.c ****   */
 189:Core/Src/stm32l1xx_it.c **** void SysTick_Handler(void)
 190:Core/Src/stm32l1xx_it.c **** {
 199              		.loc 1 190 1 view -0
 200              		.cfi_startproc
 201              		@ args = 0, pretend = 0, frame = 0
 202              		@ frame_needed = 0, uses_anonymous_args = 0
 203 0000 08B5     		push	{r3, lr}
 204              	.LCFI0:
 205              		.cfi_def_cfa_offset 8
 206              		.cfi_offset 3, -8
 207              		.cfi_offset 14, -4
 191:Core/Src/stm32l1xx_it.c ****   /* USER CODE BEGIN SysTick_IRQn 0 */
 192:Core/Src/stm32l1xx_it.c **** 
 193:Core/Src/stm32l1xx_it.c ****   /* USER CODE END SysTick_IRQn 0 */
 194:Core/Src/stm32l1xx_it.c ****   HAL_IncTick();
 208              		.loc 1 194 3 view .LVU27
 209 0002 FFF7FEFF 		bl	HAL_IncTick
 210              	.LVL0:
 195:Core/Src/stm32l1xx_it.c ****   /* USER CODE BEGIN SysTick_IRQn 1 */
 196:Core/Src/stm32l1xx_it.c **** 
 197:Core/Src/stm32l1xx_it.c ****   /* USER CODE END SysTick_IRQn 1 */
 198:Core/Src/stm32l1xx_it.c **** }
 211              		.loc 1 198 1 is_stmt 0 view .LVU28
 212 0006 08BD     		pop	{r3, pc}
 213              		.cfi_endproc
ARM GAS  C:\Users\cedri\AppData\Local\Temp\ccllmm1v.s 			page 8


 214              	.LFE80:
 216              		.section	.text.DMA1_Channel1_IRQHandler,"ax",%progbits
 217              		.align	1
 218              		.global	DMA1_Channel1_IRQHandler
 219              		.syntax unified
 220              		.thumb
 221              		.thumb_func
 223              	DMA1_Channel1_IRQHandler:
 224              	.LFB81:
 199:Core/Src/stm32l1xx_it.c **** 
 200:Core/Src/stm32l1xx_it.c **** /******************************************************************************/
 201:Core/Src/stm32l1xx_it.c **** /* STM32L1xx Peripheral Interrupt Handlers                                    */
 202:Core/Src/stm32l1xx_it.c **** /* Add here the Interrupt Handlers for the used peripherals.                  */
 203:Core/Src/stm32l1xx_it.c **** /* For the available peripheral interrupt handler names,                      */
 204:Core/Src/stm32l1xx_it.c **** /* please refer to the startup file (startup_stm32l1xx.s).                    */
 205:Core/Src/stm32l1xx_it.c **** /******************************************************************************/
 206:Core/Src/stm32l1xx_it.c **** 
 207:Core/Src/stm32l1xx_it.c **** /**
 208:Core/Src/stm32l1xx_it.c ****   * @brief This function handles DMA1 channel1 global interrupt.
 209:Core/Src/stm32l1xx_it.c ****   */
 210:Core/Src/stm32l1xx_it.c **** void DMA1_Channel1_IRQHandler(void)
 211:Core/Src/stm32l1xx_it.c **** {
 225              		.loc 1 211 1 is_stmt 1 view -0
 226              		.cfi_startproc
 227              		@ args = 0, pretend = 0, frame = 0
 228              		@ frame_needed = 0, uses_anonymous_args = 0
 229 0000 08B5     		push	{r3, lr}
 230              	.LCFI1:
 231              		.cfi_def_cfa_offset 8
 232              		.cfi_offset 3, -8
 233              		.cfi_offset 14, -4
 212:Core/Src/stm32l1xx_it.c ****   /* USER CODE BEGIN DMA1_Channel1_IRQn 0 */
 213:Core/Src/stm32l1xx_it.c **** 
 214:Core/Src/stm32l1xx_it.c ****   /* USER CODE END DMA1_Channel1_IRQn 0 */
 215:Core/Src/stm32l1xx_it.c ****   HAL_DMA_IRQHandler(&hdma_adc);
 234              		.loc 1 215 3 view .LVU30
 235 0002 0248     		ldr	r0, .L18
 236 0004 FFF7FEFF 		bl	HAL_DMA_IRQHandler
 237              	.LVL1:
 216:Core/Src/stm32l1xx_it.c ****   /* USER CODE BEGIN DMA1_Channel1_IRQn 1 */
 217:Core/Src/stm32l1xx_it.c **** 
 218:Core/Src/stm32l1xx_it.c ****   /* USER CODE END DMA1_Channel1_IRQn 1 */
 219:Core/Src/stm32l1xx_it.c **** }
 238              		.loc 1 219 1 is_stmt 0 view .LVU31
 239 0008 08BD     		pop	{r3, pc}
 240              	.L19:
 241 000a 00BF     		.align	2
 242              	.L18:
 243 000c 00000000 		.word	hdma_adc
 244              		.cfi_endproc
 245              	.LFE81:
 247              		.section	.text.ADC1_IRQHandler,"ax",%progbits
 248              		.align	1
 249              		.global	ADC1_IRQHandler
 250              		.syntax unified
 251              		.thumb
 252              		.thumb_func
ARM GAS  C:\Users\cedri\AppData\Local\Temp\ccllmm1v.s 			page 9


 254              	ADC1_IRQHandler:
 255              	.LFB82:
 220:Core/Src/stm32l1xx_it.c **** 
 221:Core/Src/stm32l1xx_it.c **** /**
 222:Core/Src/stm32l1xx_it.c ****   * @brief This function handles ADC global interrupt.
 223:Core/Src/stm32l1xx_it.c ****   */
 224:Core/Src/stm32l1xx_it.c **** void ADC1_IRQHandler(void)
 225:Core/Src/stm32l1xx_it.c **** {
 256              		.loc 1 225 1 is_stmt 1 view -0
 257              		.cfi_startproc
 258              		@ args = 0, pretend = 0, frame = 0
 259              		@ frame_needed = 0, uses_anonymous_args = 0
 260 0000 08B5     		push	{r3, lr}
 261              	.LCFI2:
 262              		.cfi_def_cfa_offset 8
 263              		.cfi_offset 3, -8
 264              		.cfi_offset 14, -4
 226:Core/Src/stm32l1xx_it.c ****   /* USER CODE BEGIN ADC1_IRQn 0 */
 227:Core/Src/stm32l1xx_it.c **** 
 228:Core/Src/stm32l1xx_it.c ****   /* USER CODE END ADC1_IRQn 0 */
 229:Core/Src/stm32l1xx_it.c ****   HAL_ADC_IRQHandler(&hadc);
 265              		.loc 1 229 3 view .LVU33
 266 0002 0248     		ldr	r0, .L22
 267 0004 FFF7FEFF 		bl	HAL_ADC_IRQHandler
 268              	.LVL2:
 230:Core/Src/stm32l1xx_it.c ****   /* USER CODE BEGIN ADC1_IRQn 1 */
 231:Core/Src/stm32l1xx_it.c **** 
 232:Core/Src/stm32l1xx_it.c ****   /* USER CODE END ADC1_IRQn 1 */
 233:Core/Src/stm32l1xx_it.c **** }
 269              		.loc 1 233 1 is_stmt 0 view .LVU34
 270 0008 08BD     		pop	{r3, pc}
 271              	.L23:
 272 000a 00BF     		.align	2
 273              	.L22:
 274 000c 00000000 		.word	hadc
 275              		.cfi_endproc
 276              	.LFE82:
 278              		.section	.text.EXTI9_5_IRQHandler,"ax",%progbits
 279              		.align	1
 280              		.global	EXTI9_5_IRQHandler
 281              		.syntax unified
 282              		.thumb
 283              		.thumb_func
 285              	EXTI9_5_IRQHandler:
 286              	.LFB83:
 234:Core/Src/stm32l1xx_it.c **** 
 235:Core/Src/stm32l1xx_it.c **** /**
 236:Core/Src/stm32l1xx_it.c ****   * @brief This function handles EXTI line[9:5] interrupts.
 237:Core/Src/stm32l1xx_it.c ****   */
 238:Core/Src/stm32l1xx_it.c **** void EXTI9_5_IRQHandler(void)
 239:Core/Src/stm32l1xx_it.c **** {
 287              		.loc 1 239 1 is_stmt 1 view -0
 288              		.cfi_startproc
 289              		@ args = 0, pretend = 0, frame = 0
 290              		@ frame_needed = 0, uses_anonymous_args = 0
 291 0000 08B5     		push	{r3, lr}
 292              	.LCFI3:
ARM GAS  C:\Users\cedri\AppData\Local\Temp\ccllmm1v.s 			page 10


 293              		.cfi_def_cfa_offset 8
 294              		.cfi_offset 3, -8
 295              		.cfi_offset 14, -4
 240:Core/Src/stm32l1xx_it.c ****   /* USER CODE BEGIN EXTI9_5_IRQn 0 */
 241:Core/Src/stm32l1xx_it.c **** 
 242:Core/Src/stm32l1xx_it.c ****   /* USER CODE END EXTI9_5_IRQn 0 */
 243:Core/Src/stm32l1xx_it.c ****   HAL_GPIO_EXTI_IRQHandler(BTN_4_Pin);
 296              		.loc 1 243 3 view .LVU36
 297 0002 2020     		movs	r0, #32
 298 0004 FFF7FEFF 		bl	HAL_GPIO_EXTI_IRQHandler
 299              	.LVL3:
 244:Core/Src/stm32l1xx_it.c ****   HAL_GPIO_EXTI_IRQHandler(BTN_3_Pin);
 300              		.loc 1 244 3 view .LVU37
 301 0008 4020     		movs	r0, #64
 302 000a FFF7FEFF 		bl	HAL_GPIO_EXTI_IRQHandler
 303              	.LVL4:
 245:Core/Src/stm32l1xx_it.c ****   /* USER CODE BEGIN EXTI9_5_IRQn 1 */
 246:Core/Src/stm32l1xx_it.c **** 
 247:Core/Src/stm32l1xx_it.c ****   /* USER CODE END EXTI9_5_IRQn 1 */
 248:Core/Src/stm32l1xx_it.c **** }
 304              		.loc 1 248 1 is_stmt 0 view .LVU38
 305 000e 08BD     		pop	{r3, pc}
 306              		.cfi_endproc
 307              	.LFE83:
 309              		.section	.text.TIM9_IRQHandler,"ax",%progbits
 310              		.align	1
 311              		.global	TIM9_IRQHandler
 312              		.syntax unified
 313              		.thumb
 314              		.thumb_func
 316              	TIM9_IRQHandler:
 317              	.LFB84:
 249:Core/Src/stm32l1xx_it.c **** 
 250:Core/Src/stm32l1xx_it.c **** /**
 251:Core/Src/stm32l1xx_it.c ****   * @brief This function handles TIM9 global interrupt.
 252:Core/Src/stm32l1xx_it.c ****   */
 253:Core/Src/stm32l1xx_it.c **** void TIM9_IRQHandler(void)
 254:Core/Src/stm32l1xx_it.c **** {
 318              		.loc 1 254 1 is_stmt 1 view -0
 319              		.cfi_startproc
 320              		@ args = 0, pretend = 0, frame = 0
 321              		@ frame_needed = 0, uses_anonymous_args = 0
 322 0000 08B5     		push	{r3, lr}
 323              	.LCFI4:
 324              		.cfi_def_cfa_offset 8
 325              		.cfi_offset 3, -8
 326              		.cfi_offset 14, -4
 255:Core/Src/stm32l1xx_it.c ****   /* USER CODE BEGIN TIM9_IRQn 0 */
 256:Core/Src/stm32l1xx_it.c **** 
 257:Core/Src/stm32l1xx_it.c ****   /* USER CODE END TIM9_IRQn 0 */
 258:Core/Src/stm32l1xx_it.c ****   HAL_TIM_IRQHandler(&htim9);
 327              		.loc 1 258 3 view .LVU40
 328 0002 0248     		ldr	r0, .L28
 329 0004 FFF7FEFF 		bl	HAL_TIM_IRQHandler
 330              	.LVL5:
 259:Core/Src/stm32l1xx_it.c ****   /* USER CODE BEGIN TIM9_IRQn 1 */
 260:Core/Src/stm32l1xx_it.c **** 
ARM GAS  C:\Users\cedri\AppData\Local\Temp\ccllmm1v.s 			page 11


 261:Core/Src/stm32l1xx_it.c ****   /* USER CODE END TIM9_IRQn 1 */
 262:Core/Src/stm32l1xx_it.c **** }
 331              		.loc 1 262 1 is_stmt 0 view .LVU41
 332 0008 08BD     		pop	{r3, pc}
 333              	.L29:
 334 000a 00BF     		.align	2
 335              	.L28:
 336 000c 00000000 		.word	htim9
 337              		.cfi_endproc
 338              	.LFE84:
 340              		.section	.text.TIM10_IRQHandler,"ax",%progbits
 341              		.align	1
 342              		.global	TIM10_IRQHandler
 343              		.syntax unified
 344              		.thumb
 345              		.thumb_func
 347              	TIM10_IRQHandler:
 348              	.LFB85:
 263:Core/Src/stm32l1xx_it.c **** 
 264:Core/Src/stm32l1xx_it.c **** /**
 265:Core/Src/stm32l1xx_it.c ****   * @brief This function handles TIM10 global interrupt.
 266:Core/Src/stm32l1xx_it.c ****   */
 267:Core/Src/stm32l1xx_it.c **** void TIM10_IRQHandler(void)
 268:Core/Src/stm32l1xx_it.c **** {
 349              		.loc 1 268 1 is_stmt 1 view -0
 350              		.cfi_startproc
 351              		@ args = 0, pretend = 0, frame = 0
 352              		@ frame_needed = 0, uses_anonymous_args = 0
 353 0000 08B5     		push	{r3, lr}
 354              	.LCFI5:
 355              		.cfi_def_cfa_offset 8
 356              		.cfi_offset 3, -8
 357              		.cfi_offset 14, -4
 269:Core/Src/stm32l1xx_it.c ****   /* USER CODE BEGIN TIM10_IRQn 0 */
 270:Core/Src/stm32l1xx_it.c **** 
 271:Core/Src/stm32l1xx_it.c ****   /* USER CODE END TIM10_IRQn 0 */
 272:Core/Src/stm32l1xx_it.c ****   HAL_TIM_IRQHandler(&htim10);
 358              		.loc 1 272 3 view .LVU43
 359 0002 0248     		ldr	r0, .L32
 360 0004 FFF7FEFF 		bl	HAL_TIM_IRQHandler
 361              	.LVL6:
 273:Core/Src/stm32l1xx_it.c ****   /* USER CODE BEGIN TIM10_IRQn 1 */
 274:Core/Src/stm32l1xx_it.c **** 
 275:Core/Src/stm32l1xx_it.c ****   /* USER CODE END TIM10_IRQn 1 */
 276:Core/Src/stm32l1xx_it.c **** }
 362              		.loc 1 276 1 is_stmt 0 view .LVU44
 363 0008 08BD     		pop	{r3, pc}
 364              	.L33:
 365 000a 00BF     		.align	2
 366              	.L32:
 367 000c 00000000 		.word	htim10
 368              		.cfi_endproc
 369              	.LFE85:
 371              		.section	.text.TIM11_IRQHandler,"ax",%progbits
 372              		.align	1
 373              		.global	TIM11_IRQHandler
 374              		.syntax unified
ARM GAS  C:\Users\cedri\AppData\Local\Temp\ccllmm1v.s 			page 12


 375              		.thumb
 376              		.thumb_func
 378              	TIM11_IRQHandler:
 379              	.LFB86:
 277:Core/Src/stm32l1xx_it.c **** 
 278:Core/Src/stm32l1xx_it.c **** /**
 279:Core/Src/stm32l1xx_it.c ****   * @brief This function handles TIM11 global interrupt.
 280:Core/Src/stm32l1xx_it.c ****   */
 281:Core/Src/stm32l1xx_it.c **** void TIM11_IRQHandler(void)
 282:Core/Src/stm32l1xx_it.c **** {
 380              		.loc 1 282 1 is_stmt 1 view -0
 381              		.cfi_startproc
 382              		@ args = 0, pretend = 0, frame = 0
 383              		@ frame_needed = 0, uses_anonymous_args = 0
 384 0000 08B5     		push	{r3, lr}
 385              	.LCFI6:
 386              		.cfi_def_cfa_offset 8
 387              		.cfi_offset 3, -8
 388              		.cfi_offset 14, -4
 283:Core/Src/stm32l1xx_it.c ****   /* USER CODE BEGIN TIM11_IRQn 0 */
 284:Core/Src/stm32l1xx_it.c **** 
 285:Core/Src/stm32l1xx_it.c ****   /* USER CODE END TIM11_IRQn 0 */
 286:Core/Src/stm32l1xx_it.c ****   HAL_TIM_IRQHandler(&htim11);
 389              		.loc 1 286 3 view .LVU46
 390 0002 0248     		ldr	r0, .L36
 391 0004 FFF7FEFF 		bl	HAL_TIM_IRQHandler
 392              	.LVL7:
 287:Core/Src/stm32l1xx_it.c ****   /* USER CODE BEGIN TIM11_IRQn 1 */
 288:Core/Src/stm32l1xx_it.c **** 
 289:Core/Src/stm32l1xx_it.c ****   /* USER CODE END TIM11_IRQn 1 */
 290:Core/Src/stm32l1xx_it.c **** }
 393              		.loc 1 290 1 is_stmt 0 view .LVU47
 394 0008 08BD     		pop	{r3, pc}
 395              	.L37:
 396 000a 00BF     		.align	2
 397              	.L36:
 398 000c 00000000 		.word	htim11
 399              		.cfi_endproc
 400              	.LFE86:
 402              		.section	.text.TIM2_IRQHandler,"ax",%progbits
 403              		.align	1
 404              		.global	TIM2_IRQHandler
 405              		.syntax unified
 406              		.thumb
 407              		.thumb_func
 409              	TIM2_IRQHandler:
 410              	.LFB87:
 291:Core/Src/stm32l1xx_it.c **** 
 292:Core/Src/stm32l1xx_it.c **** /**
 293:Core/Src/stm32l1xx_it.c ****   * @brief This function handles TIM2 global interrupt.
 294:Core/Src/stm32l1xx_it.c ****   */
 295:Core/Src/stm32l1xx_it.c **** void TIM2_IRQHandler(void)
 296:Core/Src/stm32l1xx_it.c **** {
 411              		.loc 1 296 1 is_stmt 1 view -0
 412              		.cfi_startproc
 413              		@ args = 0, pretend = 0, frame = 0
 414              		@ frame_needed = 0, uses_anonymous_args = 0
ARM GAS  C:\Users\cedri\AppData\Local\Temp\ccllmm1v.s 			page 13


 415 0000 08B5     		push	{r3, lr}
 416              	.LCFI7:
 417              		.cfi_def_cfa_offset 8
 418              		.cfi_offset 3, -8
 419              		.cfi_offset 14, -4
 297:Core/Src/stm32l1xx_it.c ****   /* USER CODE BEGIN TIM2_IRQn 0 */
 298:Core/Src/stm32l1xx_it.c **** 
 299:Core/Src/stm32l1xx_it.c ****   /* USER CODE END TIM2_IRQn 0 */
 300:Core/Src/stm32l1xx_it.c ****   HAL_TIM_IRQHandler(&htim2);
 420              		.loc 1 300 3 view .LVU49
 421 0002 0248     		ldr	r0, .L40
 422 0004 FFF7FEFF 		bl	HAL_TIM_IRQHandler
 423              	.LVL8:
 301:Core/Src/stm32l1xx_it.c ****   /* USER CODE BEGIN TIM2_IRQn 1 */
 302:Core/Src/stm32l1xx_it.c **** 
 303:Core/Src/stm32l1xx_it.c ****   /* USER CODE END TIM2_IRQn 1 */
 304:Core/Src/stm32l1xx_it.c **** }
 424              		.loc 1 304 1 is_stmt 0 view .LVU50
 425 0008 08BD     		pop	{r3, pc}
 426              	.L41:
 427 000a 00BF     		.align	2
 428              	.L40:
 429 000c 00000000 		.word	htim2
 430              		.cfi_endproc
 431              	.LFE87:
 433              		.section	.text.TIM3_IRQHandler,"ax",%progbits
 434              		.align	1
 435              		.global	TIM3_IRQHandler
 436              		.syntax unified
 437              		.thumb
 438              		.thumb_func
 440              	TIM3_IRQHandler:
 441              	.LFB88:
 305:Core/Src/stm32l1xx_it.c **** 
 306:Core/Src/stm32l1xx_it.c **** /**
 307:Core/Src/stm32l1xx_it.c ****   * @brief This function handles TIM3 global interrupt.
 308:Core/Src/stm32l1xx_it.c ****   */
 309:Core/Src/stm32l1xx_it.c **** void TIM3_IRQHandler(void)
 310:Core/Src/stm32l1xx_it.c **** {
 442              		.loc 1 310 1 is_stmt 1 view -0
 443              		.cfi_startproc
 444              		@ args = 0, pretend = 0, frame = 0
 445              		@ frame_needed = 0, uses_anonymous_args = 0
 446 0000 08B5     		push	{r3, lr}
 447              	.LCFI8:
 448              		.cfi_def_cfa_offset 8
 449              		.cfi_offset 3, -8
 450              		.cfi_offset 14, -4
 311:Core/Src/stm32l1xx_it.c ****   /* USER CODE BEGIN TIM3_IRQn 0 */
 312:Core/Src/stm32l1xx_it.c **** 
 313:Core/Src/stm32l1xx_it.c ****   /* USER CODE END TIM3_IRQn 0 */
 314:Core/Src/stm32l1xx_it.c ****   HAL_TIM_IRQHandler(&htim3);
 451              		.loc 1 314 3 view .LVU52
 452 0002 0248     		ldr	r0, .L44
 453 0004 FFF7FEFF 		bl	HAL_TIM_IRQHandler
 454              	.LVL9:
 315:Core/Src/stm32l1xx_it.c ****   /* USER CODE BEGIN TIM3_IRQn 1 */
ARM GAS  C:\Users\cedri\AppData\Local\Temp\ccllmm1v.s 			page 14


 316:Core/Src/stm32l1xx_it.c **** 
 317:Core/Src/stm32l1xx_it.c ****   /* USER CODE END TIM3_IRQn 1 */
 318:Core/Src/stm32l1xx_it.c **** }
 455              		.loc 1 318 1 is_stmt 0 view .LVU53
 456 0008 08BD     		pop	{r3, pc}
 457              	.L45:
 458 000a 00BF     		.align	2
 459              	.L44:
 460 000c 00000000 		.word	htim3
 461              		.cfi_endproc
 462              	.LFE88:
 464              		.section	.text.EXTI15_10_IRQHandler,"ax",%progbits
 465              		.align	1
 466              		.global	EXTI15_10_IRQHandler
 467              		.syntax unified
 468              		.thumb
 469              		.thumb_func
 471              	EXTI15_10_IRQHandler:
 472              	.LFB89:
 319:Core/Src/stm32l1xx_it.c **** 
 320:Core/Src/stm32l1xx_it.c **** /**
 321:Core/Src/stm32l1xx_it.c ****   * @brief This function handles EXTI line[15:10] interrupts.
 322:Core/Src/stm32l1xx_it.c ****   */
 323:Core/Src/stm32l1xx_it.c **** void EXTI15_10_IRQHandler(void)
 324:Core/Src/stm32l1xx_it.c **** {
 473              		.loc 1 324 1 is_stmt 1 view -0
 474              		.cfi_startproc
 475              		@ args = 0, pretend = 0, frame = 0
 476              		@ frame_needed = 0, uses_anonymous_args = 0
 477 0000 08B5     		push	{r3, lr}
 478              	.LCFI9:
 479              		.cfi_def_cfa_offset 8
 480              		.cfi_offset 3, -8
 481              		.cfi_offset 14, -4
 325:Core/Src/stm32l1xx_it.c ****   /* USER CODE BEGIN EXTI15_10_IRQn 0 */
 326:Core/Src/stm32l1xx_it.c **** 
 327:Core/Src/stm32l1xx_it.c ****   /* USER CODE END EXTI15_10_IRQn 0 */
 328:Core/Src/stm32l1xx_it.c ****   HAL_GPIO_EXTI_IRQHandler(BTN_1_Pin);
 482              		.loc 1 328 3 view .LVU55
 483 0002 4FF40060 		mov	r0, #2048
 484 0006 FFF7FEFF 		bl	HAL_GPIO_EXTI_IRQHandler
 485              	.LVL10:
 329:Core/Src/stm32l1xx_it.c ****   HAL_GPIO_EXTI_IRQHandler(BTN_2_Pin);
 486              		.loc 1 329 3 view .LVU56
 487 000a 4FF48050 		mov	r0, #4096
 488 000e FFF7FEFF 		bl	HAL_GPIO_EXTI_IRQHandler
 489              	.LVL11:
 330:Core/Src/stm32l1xx_it.c ****   /* USER CODE BEGIN EXTI15_10_IRQn 1 */
 331:Core/Src/stm32l1xx_it.c **** 
 332:Core/Src/stm32l1xx_it.c ****   /* USER CODE END EXTI15_10_IRQn 1 */
 333:Core/Src/stm32l1xx_it.c **** }
 490              		.loc 1 333 1 is_stmt 0 view .LVU57
 491 0012 08BD     		pop	{r3, pc}
 492              		.cfi_endproc
 493              	.LFE89:
 495              		.text
 496              	.Letext0:
ARM GAS  C:\Users\cedri\AppData\Local\Temp\ccllmm1v.s 			page 15


 497              		.file 2 "C:/Program Files (x86)/Arm GNU Toolchain arm-none-eabi/13.2 Rel1/arm-none-eabi/include/ma
 498              		.file 3 "C:/Program Files (x86)/Arm GNU Toolchain arm-none-eabi/13.2 Rel1/arm-none-eabi/include/sy
 499              		.file 4 "Drivers/CMSIS/Device/ST/STM32L1xx/Include/stm32l152xe.h"
 500              		.file 5 "Drivers/CMSIS/Device/ST/STM32L1xx/Include/stm32l1xx.h"
 501              		.file 6 "Drivers/STM32L1xx_HAL_Driver/Inc/stm32l1xx_hal_def.h"
 502              		.file 7 "Drivers/STM32L1xx_HAL_Driver/Inc/stm32l1xx_hal_dma.h"
 503              		.file 8 "Drivers/STM32L1xx_HAL_Driver/Inc/stm32l1xx_hal_adc.h"
 504              		.file 9 "Drivers/STM32L1xx_HAL_Driver/Inc/stm32l1xx_hal_tim.h"
 505              		.file 10 "Drivers/STM32L1xx_HAL_Driver/Inc/stm32l1xx_hal_gpio.h"
 506              		.file 11 "Drivers/STM32L1xx_HAL_Driver/Inc/stm32l1xx_hal.h"
ARM GAS  C:\Users\cedri\AppData\Local\Temp\ccllmm1v.s 			page 16


DEFINED SYMBOLS
                            *ABS*:00000000 stm32l1xx_it.c
C:\Users\cedri\AppData\Local\Temp\ccllmm1v.s:19     .text.NMI_Handler:00000000 $t
C:\Users\cedri\AppData\Local\Temp\ccllmm1v.s:25     .text.NMI_Handler:00000000 NMI_Handler
C:\Users\cedri\AppData\Local\Temp\ccllmm1v.s:42     .text.HardFault_Handler:00000000 $t
C:\Users\cedri\AppData\Local\Temp\ccllmm1v.s:48     .text.HardFault_Handler:00000000 HardFault_Handler
C:\Users\cedri\AppData\Local\Temp\ccllmm1v.s:65     .text.MemManage_Handler:00000000 $t
C:\Users\cedri\AppData\Local\Temp\ccllmm1v.s:71     .text.MemManage_Handler:00000000 MemManage_Handler
C:\Users\cedri\AppData\Local\Temp\ccllmm1v.s:88     .text.BusFault_Handler:00000000 $t
C:\Users\cedri\AppData\Local\Temp\ccllmm1v.s:94     .text.BusFault_Handler:00000000 BusFault_Handler
C:\Users\cedri\AppData\Local\Temp\ccllmm1v.s:111    .text.UsageFault_Handler:00000000 $t
C:\Users\cedri\AppData\Local\Temp\ccllmm1v.s:117    .text.UsageFault_Handler:00000000 UsageFault_Handler
C:\Users\cedri\AppData\Local\Temp\ccllmm1v.s:134    .text.SVC_Handler:00000000 $t
C:\Users\cedri\AppData\Local\Temp\ccllmm1v.s:140    .text.SVC_Handler:00000000 SVC_Handler
C:\Users\cedri\AppData\Local\Temp\ccllmm1v.s:153    .text.DebugMon_Handler:00000000 $t
C:\Users\cedri\AppData\Local\Temp\ccllmm1v.s:159    .text.DebugMon_Handler:00000000 DebugMon_Handler
C:\Users\cedri\AppData\Local\Temp\ccllmm1v.s:172    .text.PendSV_Handler:00000000 $t
C:\Users\cedri\AppData\Local\Temp\ccllmm1v.s:178    .text.PendSV_Handler:00000000 PendSV_Handler
C:\Users\cedri\AppData\Local\Temp\ccllmm1v.s:191    .text.SysTick_Handler:00000000 $t
C:\Users\cedri\AppData\Local\Temp\ccllmm1v.s:197    .text.SysTick_Handler:00000000 SysTick_Handler
C:\Users\cedri\AppData\Local\Temp\ccllmm1v.s:217    .text.DMA1_Channel1_IRQHandler:00000000 $t
C:\Users\cedri\AppData\Local\Temp\ccllmm1v.s:223    .text.DMA1_Channel1_IRQHandler:00000000 DMA1_Channel1_IRQHandler
C:\Users\cedri\AppData\Local\Temp\ccllmm1v.s:243    .text.DMA1_Channel1_IRQHandler:0000000c $d
C:\Users\cedri\AppData\Local\Temp\ccllmm1v.s:248    .text.ADC1_IRQHandler:00000000 $t
C:\Users\cedri\AppData\Local\Temp\ccllmm1v.s:254    .text.ADC1_IRQHandler:00000000 ADC1_IRQHandler
C:\Users\cedri\AppData\Local\Temp\ccllmm1v.s:274    .text.ADC1_IRQHandler:0000000c $d
C:\Users\cedri\AppData\Local\Temp\ccllmm1v.s:279    .text.EXTI9_5_IRQHandler:00000000 $t
C:\Users\cedri\AppData\Local\Temp\ccllmm1v.s:285    .text.EXTI9_5_IRQHandler:00000000 EXTI9_5_IRQHandler
C:\Users\cedri\AppData\Local\Temp\ccllmm1v.s:310    .text.TIM9_IRQHandler:00000000 $t
C:\Users\cedri\AppData\Local\Temp\ccllmm1v.s:316    .text.TIM9_IRQHandler:00000000 TIM9_IRQHandler
C:\Users\cedri\AppData\Local\Temp\ccllmm1v.s:336    .text.TIM9_IRQHandler:0000000c $d
C:\Users\cedri\AppData\Local\Temp\ccllmm1v.s:341    .text.TIM10_IRQHandler:00000000 $t
C:\Users\cedri\AppData\Local\Temp\ccllmm1v.s:347    .text.TIM10_IRQHandler:00000000 TIM10_IRQHandler
C:\Users\cedri\AppData\Local\Temp\ccllmm1v.s:367    .text.TIM10_IRQHandler:0000000c $d
C:\Users\cedri\AppData\Local\Temp\ccllmm1v.s:372    .text.TIM11_IRQHandler:00000000 $t
C:\Users\cedri\AppData\Local\Temp\ccllmm1v.s:378    .text.TIM11_IRQHandler:00000000 TIM11_IRQHandler
C:\Users\cedri\AppData\Local\Temp\ccllmm1v.s:398    .text.TIM11_IRQHandler:0000000c $d
C:\Users\cedri\AppData\Local\Temp\ccllmm1v.s:403    .text.TIM2_IRQHandler:00000000 $t
C:\Users\cedri\AppData\Local\Temp\ccllmm1v.s:409    .text.TIM2_IRQHandler:00000000 TIM2_IRQHandler
C:\Users\cedri\AppData\Local\Temp\ccllmm1v.s:429    .text.TIM2_IRQHandler:0000000c $d
C:\Users\cedri\AppData\Local\Temp\ccllmm1v.s:434    .text.TIM3_IRQHandler:00000000 $t
C:\Users\cedri\AppData\Local\Temp\ccllmm1v.s:440    .text.TIM3_IRQHandler:00000000 TIM3_IRQHandler
C:\Users\cedri\AppData\Local\Temp\ccllmm1v.s:460    .text.TIM3_IRQHandler:0000000c $d
C:\Users\cedri\AppData\Local\Temp\ccllmm1v.s:465    .text.EXTI15_10_IRQHandler:00000000 $t
C:\Users\cedri\AppData\Local\Temp\ccllmm1v.s:471    .text.EXTI15_10_IRQHandler:00000000 EXTI15_10_IRQHandler

UNDEFINED SYMBOLS
HAL_IncTick
HAL_DMA_IRQHandler
hdma_adc
HAL_ADC_IRQHandler
hadc
HAL_GPIO_EXTI_IRQHandler
HAL_TIM_IRQHandler
htim9
htim10
htim11
ARM GAS  C:\Users\cedri\AppData\Local\Temp\ccllmm1v.s 			page 17


htim2
htim3
