2023-11-20 21:28:11,582 [INFO] Activator:176 - 


2023-11-20 21:28:11,586 [INFO] Activator:177 - !SESSION log4j initialized
2023-11-20 21:28:15,253 [INFO] LogOutputStream:77 - [STDOUT_REDIRECT] 
2023-11-20 21:28:18,907 [INFO] ApplicationProperties:184 - Using Application install path: C:\ST\STM32CubeIDE_1.13.2\STM32CubeIDE\plugins\com.st.stm32cube.common.mx_6.9.2.202309101412
2023-11-20 21:28:18,927 [INFO] DbMcusXml:78 - Set database path to: C:\ST\STM32CubeIDE_1.13.2\STM32CubeIDE\plugins\com.st.stm32cube.common.mx_6.9.2.202309101412\\db\/mcu/
2023-11-20 21:28:18,927 [INFO] ApiDb:274 - Set plugin database path to: C:\ST\STM32CubeIDE_1.13.2\STM32CubeIDE\plugins\com.st.stm32cube.common.mx_6.9.2.202309101412\\db\/plugins/boardmanager/
2023-11-20 21:28:18,928 [WARN] ApiDb:259 - Overriding images path with different value:  => C:\ST\STM32CubeIDE_1.13.2\STM32CubeIDE\plugins\com.st.stm32cube.common.mx_6.9.2.202309101412\\db\/plugins/mcufinder/images/
2023-11-20 21:28:18,939 [INFO] ApiDb:250 - Set database path to: C:\Users\cedri\.stmcufinder\plugins\mcufinder//mcu/
2023-11-20 21:28:18,941 [INFO] DbMcusAds:125 - Set database path to: C:\Users\cedri\.stmcufinder\plugins\mcufinder//mcu/
2023-11-20 21:28:18,943 [INFO] CrossReferenceDbSqlite:203 - Set database path to: C:\Users\cedri\.stmcufinder\plugins\mcufinder//mcu/cs/
2023-11-20 21:28:19,057 [INFO] RulesReader:64 - Compatibility file has been processed (293 Rules)
2023-11-20 21:28:19,180 [INFO] DbMcusXml:78 - Set database path to: C:\ST\STM32CubeIDE_1.13.2\STM32CubeIDE\plugins\com.st.stm32cube.common.mx_6.9.2.202309101412\\db\/mcu/
2023-11-20 21:28:19,181 [INFO] ApiDb:274 - Set plugin database path to: C:\ST\STM32CubeIDE_1.13.2\STM32CubeIDE\plugins\com.st.stm32cube.common.mx_6.9.2.202309101412\\db\/plugins/boardmanager/
2023-11-20 21:28:19,181 [INFO] ApiDb:261 - Set plugin images path to: C:\ST\STM32CubeIDE_1.13.2\STM32CubeIDE\plugins\com.st.stm32cube.common.mx_6.9.2.202309101412\\db\/plugins/mcufinder/images/
2023-11-20 21:28:19,182 [WARN] DbFile:41 - Overriding database path with different value: C:\Users\cedri\.stmcufinder\plugins\mcufinder/ => C:\Users\cedri\.stmcufinder\plugins\mcufinder
2023-11-20 21:28:19,182 [INFO] ApiDb:250 - Set database path to: C:\Users\cedri\.stmcufinder\plugins\mcufinder//mcu/
2023-11-20 21:28:19,182 [WARN] DbFile:41 - Overriding database path with different value: C:\Users\cedri\.stmcufinder\plugins\mcufinder/ => C:\Users\cedri\.stmcufinder\plugins\mcufinder
2023-11-20 21:28:19,182 [INFO] DbMcusAds:125 - Set database path to: C:\Users\cedri\.stmcufinder\plugins\mcufinder//mcu/
2023-11-20 21:28:19,182 [WARN] DbFile:41 - Overriding database path with different value: C:\Users\cedri\.stmcufinder\plugins\mcufinder/ => C:\Users\cedri\.stmcufinder\plugins\mcufinder
2023-11-20 21:28:19,183 [WARN] DbFile:41 - Overriding database path with different value: C:\Users\cedri\.stmcufinder\plugins\mcufinder/ => C:\Users\cedri\.stmcufinder\plugins\mcufinder
2023-11-20 21:28:19,183 [INFO] CrossReferenceDbSqlite:203 - Set database path to: C:\Users\cedri\.stmcufinder\plugins\mcufinder//mcu/cs/
2023-11-20 21:28:19,278 [INFO] MainPanel:262 - HeapMemory: 268435456
2023-11-20 21:28:19,356 [INFO] DbMcusXml:78 - Set database path to: C:\ST\STM32CubeIDE_1.13.2\STM32CubeIDE\plugins\com.st.stm32cube.common.mx_6.9.2.202309101412\\db\/mcu/
2023-11-20 21:28:19,356 [INFO] ApiDb:274 - Set plugin database path to: C:\ST\STM32CubeIDE_1.13.2\STM32CubeIDE\plugins\com.st.stm32cube.common.mx_6.9.2.202309101412\\db\/plugins/boardmanager/
2023-11-20 21:28:19,356 [INFO] ApiDb:261 - Set plugin images path to: C:\ST\STM32CubeIDE_1.13.2\STM32CubeIDE\plugins\com.st.stm32cube.common.mx_6.9.2.202309101412\\db\/plugins/mcufinder/images/
2023-11-20 21:28:19,356 [WARN] DbFile:41 - Overriding database path with different value: C:\Users\cedri\.stmcufinder\plugins\mcufinder/ => C:\Users\cedri\.stmcufinder\plugins\mcufinder
2023-11-20 21:28:19,356 [INFO] ApiDb:250 - Set database path to: C:\Users\cedri\.stmcufinder\plugins\mcufinder//mcu/
2023-11-20 21:28:19,356 [WARN] DbFile:41 - Overriding database path with different value: C:\Users\cedri\.stmcufinder\plugins\mcufinder/ => C:\Users\cedri\.stmcufinder\plugins\mcufinder
2023-11-20 21:28:19,356 [INFO] DbMcusAds:125 - Set database path to: C:\Users\cedri\.stmcufinder\plugins\mcufinder//mcu/
2023-11-20 21:28:19,356 [WARN] DbFile:41 - Overriding database path with different value: C:\Users\cedri\.stmcufinder\plugins\mcufinder/ => C:\Users\cedri\.stmcufinder\plugins\mcufinder
2023-11-20 21:28:19,356 [WARN] DbFile:41 - Overriding database path with different value: C:\Users\cedri\.stmcufinder\plugins\mcufinder/ => C:\Users\cedri\.stmcufinder\plugins\mcufinder
2023-11-20 21:28:19,356 [INFO] CrossReferenceDbSqlite:203 - Set database path to: C:\Users\cedri\.stmcufinder\plugins\mcufinder//mcu/cs/
2023-11-20 21:28:19,383 [INFO] ApplicationProperties:184 - Using Application install path: C:\ST\STM32CubeIDE_1.13.2\STM32CubeIDE\plugins\com.st.stm32cube.common.mx_6.9.2.202309101412
2023-11-20 21:28:19,385 [INFO] PluginManage:196 - Search for loadable plugins [exclusion list=, ]
2023-11-20 21:28:19,387 [INFO] PluginManage:310 - Check plugin analytics
2023-11-20 21:28:19,564 [INFO] AnalyticsPlugin:253 - Accepted Software Licenses: 
2023-11-20 21:28:19,565 [INFO] AnalyticsPlugin:255 - Accepted CMSIS Pack Licenses: 
2023-11-20 21:28:19,565 [INFO] AnalyticsPlugin:257 - Accepted Firmware Licenses: 
2023-11-20 21:28:19,569 [INFO] PluginManage:359 - Loaded plugin analytics (category:tool,tabindex:-1)
2023-11-20 21:28:19,570 [INFO] PluginManage:310 - Check plugin cadmodel
2023-11-20 21:28:19,574 [INFO] CADModel:105 - Init CAD model plugin
2023-11-20 21:28:19,575 [INFO] PluginManage:359 - Loaded plugin cadmodel (category:power,tabindex:5)
2023-11-20 21:28:19,575 [INFO] PluginManage:310 - Check plugin clock
2023-11-20 21:28:19,588 [INFO] PluginManage:359 - Loaded plugin clock (category:base,tabindex:2)
2023-11-20 21:28:19,588 [INFO] PluginManage:310 - Check plugin ddr
2023-11-20 21:28:19,590 [INFO] PluginManage:359 - Loaded plugin ddr (category:tool,tabindex:6)
2023-11-20 21:28:19,591 [INFO] PluginManage:310 - Check plugin filemanager
2023-11-20 21:28:19,722 [INFO] PluginManage:359 - Loaded plugin filemanager (category:base,tabindex:10)
2023-11-20 21:28:19,723 [INFO] PluginManage:310 - Check plugin ipmanager
2023-11-20 21:28:19,734 [INFO] PluginManage:359 - Loaded plugin ipmanager (category:base,tabindex:5)
2023-11-20 21:28:19,735 [INFO] PluginManage:310 - Check plugin lpbam
2023-11-20 21:28:19,744 [INFO] PluginManage:359 - Loaded plugin lpbam (category:base,tabindex:0)
2023-11-20 21:28:19,744 [INFO] PluginManage:310 - Check plugin memorymap
2023-11-20 21:28:19,757 [INFO] PluginManage:359 - Loaded plugin memorymap (category:base,tabindex:4)
2023-11-20 21:28:19,758 [INFO] PluginManage:310 - Check plugin pinoutandconfiguration
2023-11-20 21:28:19,765 [INFO] PluginManage:359 - Loaded plugin pinoutandconfiguration (category:base,tabindex:1)
2023-11-20 21:28:19,765 [INFO] PluginManage:310 - Check plugin pinoutconfig
2023-11-20 21:28:19,887 [WARN] SupportedApi:132 - Cannot load RTOS API schema: s4s-elt-must-match.1: The content of 'definitions' must match (annotation?, (simpleType | complexType)?, (unique | key | keyref)*)). A problem was found starting at: attribute.
2023-11-20 21:28:20,020 [INFO] PluginManage:359 - Loaded plugin pinoutconfig (category:base,tabindex:0)
2023-11-20 21:28:20,020 [INFO] PluginManage:310 - Check plugin power
2023-11-20 21:28:20,031 [INFO] PluginManage:359 - Loaded plugin power (category:power,tabindex:4)
2023-11-20 21:28:20,031 [INFO] PluginManage:310 - Check plugin projectmanager
2023-11-20 21:28:20,047 [INFO] PluginManage:359 - Loaded plugin projectmanager (category:projectmanager,tabindex:3)
2023-11-20 21:28:20,047 [INFO] PluginManage:310 - Check plugin thirdparty
2023-11-20 21:28:20,188 [INFO] PluginManage:359 - Loaded plugin thirdparty (category:base,tabindex:-1)
2023-11-20 21:28:20,189 [INFO] PluginManage:310 - Check plugin tools
2023-11-20 21:28:20,188 [WARN] IntegrityCheckThread:84 - waiting for thirdparty lock release [integrity check]
2023-11-20 21:28:20,189 [INFO] IntegrityCheckThread:86 - entering critical section [integrity check]
2023-11-20 21:28:20,190 [INFO] ThirdPartyUpdaterWithRetryManager:70 - Updater plugin not ready yet. [1/15]
2023-11-20 21:28:20,192 [INFO] PluginManage:359 - Loaded plugin tools (category:base,tabindex:7)
2023-11-20 21:28:20,192 [INFO] PluginManage:310 - Check plugin tutovideos
2023-11-20 21:28:20,375 [INFO] PluginManage:359 - Loaded plugin tutovideos (category:base,tabindex:-1)
2023-11-20 21:28:20,375 [INFO] PluginManage:310 - Check plugin updater
2023-11-20 21:28:20,388 [INFO] PluginManage:359 - Loaded plugin updater (category:base,tabindex:12)
2023-11-20 21:28:20,388 [INFO] PluginManage:310 - Check plugin userauth
2023-11-20 21:28:20,395 [INFO] UserAuth:113 - Init User Auth plugin
2023-11-20 21:28:20,396 [INFO] PluginManage:359 - Loaded plugin userauth (category:base,tabindex:14)
2023-11-20 21:28:20,397 [INFO] PluginManage:283 - PluginManage : Loaded plugins [17]
2023-11-20 21:28:20,693 [INFO] PinOutPanel:1499 - setPackage(No Configuration,No Configuration)
2023-11-20 21:28:20,869 [INFO] CADModel:165 - CPN selected for project level
2023-11-20 21:28:20,870 [INFO] CADModel:114 - Register for checkConnection events
2023-11-20 21:28:20,892 [INFO] IPUIPlugin:80 - create IPUIPlugin
2023-11-20 21:28:20,892 [INFO] PluginManager:220 - loadIPPluginJar : add adc
2023-11-20 21:28:20,896 [INFO] IPUIPlugin:80 - create IPUIPlugin
2023-11-20 21:28:20,896 [INFO] PluginManager:220 - loadIPPluginJar : add aes
2023-11-20 21:28:20,901 [INFO] IPUIPlugin:80 - create IPUIPlugin
2023-11-20 21:28:20,902 [INFO] PluginManager:220 - loadIPPluginJar : add can
2023-11-20 21:28:20,904 [INFO] IPUIPlugin:80 - create IPUIPlugin
2023-11-20 21:28:20,904 [INFO] PluginManager:220 - loadIPPluginJar : add comp
2023-11-20 21:28:20,907 [INFO] IPUIPlugin:80 - create IPUIPlugin
2023-11-20 21:28:20,907 [INFO] PluginManager:220 - loadIPPluginJar : add cryp
2023-11-20 21:28:20,910 [INFO] IPUIPlugin:80 - create IPUIPlugin
2023-11-20 21:28:20,910 [INFO] PluginManager:220 - loadIPPluginJar : add dfsdm
2023-11-20 21:28:20,917 [INFO] IPUIPlugin:80 - create IPUIPlugin
2023-11-20 21:28:20,918 [INFO] PluginManager:220 - loadIPPluginJar : add dma
2023-11-20 21:28:20,922 [INFO] IPUIPlugin:80 - create IPUIPlugin
2023-11-20 21:28:20,922 [INFO] PluginManager:220 - loadIPPluginJar : add dma3
2023-11-20 21:28:20,925 [INFO] IPUIPlugin:80 - create IPUIPlugin
2023-11-20 21:28:20,925 [INFO] PluginManager:220 - loadIPPluginJar : add fatfs
2023-11-20 21:28:20,931 [INFO] IPUIPlugin:80 - create IPUIPlugin
2023-11-20 21:28:20,931 [INFO] PluginManager:220 - loadIPPluginJar : add fmc
2023-11-20 21:28:20,940 [INFO] IPUIPlugin:80 - create IPUIPlugin
2023-11-20 21:28:20,940 [INFO] PluginManager:220 - loadIPPluginJar : add freertos
2023-11-20 21:28:20,943 [INFO] IPUIPlugin:80 - create IPUIPlugin
2023-11-20 21:28:20,943 [INFO] PluginManager:220 - loadIPPluginJar : add genericplugin
2023-11-20 21:28:20,947 [INFO] IPUIPlugin:80 - create IPUIPlugin
2023-11-20 21:28:20,947 [INFO] PluginManager:220 - loadIPPluginJar : add gfxmmu
2023-11-20 21:28:20,955 [INFO] IPUIPlugin:80 - create IPUIPlugin
2023-11-20 21:28:20,955 [INFO] PluginManager:220 - loadIPPluginJar : add gic
2023-11-20 21:28:20,962 [INFO] IPUIPlugin:80 - create IPUIPlugin
2023-11-20 21:28:20,963 [INFO] PluginManager:220 - loadIPPluginJar : add gpio
2023-11-20 21:28:20,968 [INFO] IPUIPlugin:80 - create IPUIPlugin
2023-11-20 21:28:20,968 [INFO] PluginManager:220 - loadIPPluginJar : add gtzc
2023-11-20 21:28:20,972 [INFO] IPUIPlugin:80 - create IPUIPlugin
2023-11-20 21:28:20,972 [INFO] PluginManager:220 - loadIPPluginJar : add hash
2023-11-20 21:28:20,977 [INFO] IPUIPlugin:80 - create IPUIPlugin
2023-11-20 21:28:20,977 [INFO] PluginManager:220 - loadIPPluginJar : add i2c
2023-11-20 21:28:20,980 [INFO] IPUIPlugin:80 - create IPUIPlugin
2023-11-20 21:28:20,980 [INFO] PluginManager:220 - loadIPPluginJar : add i2s
2023-11-20 21:28:20,983 [INFO] IPUIPlugin:80 - create IPUIPlugin
2023-11-20 21:28:20,984 [INFO] PluginManager:220 - loadIPPluginJar : add i3c
2023-11-20 21:28:20,989 [INFO] IPUIPlugin:80 - create IPUIPlugin
2023-11-20 21:28:20,989 [INFO] PluginManager:220 - loadIPPluginJar : add ipddr
2023-11-20 21:28:20,998 [INFO] IPUIPlugin:80 - create IPUIPlugin
2023-11-20 21:28:20,999 [INFO] PluginManager:220 - loadIPPluginJar : add linkedlist
2023-11-20 21:28:21,003 [INFO] IPUIPlugin:80 - create IPUIPlugin
2023-11-20 21:28:21,003 [INFO] PluginManager:220 - loadIPPluginJar : add lorawan
2023-11-20 21:28:21,006 [INFO] IPUIPlugin:80 - create IPUIPlugin
2023-11-20 21:28:21,007 [INFO] PluginManager:220 - loadIPPluginJar : add ltdc
2023-11-20 21:28:21,015 [INFO] IPUIPlugin:80 - create IPUIPlugin
2023-11-20 21:28:21,015 [INFO] PluginManager:220 - loadIPPluginJar : add mdma
2023-11-20 21:28:21,021 [INFO] IPUIPlugin:80 - create IPUIPlugin
2023-11-20 21:28:21,021 [INFO] PluginManager:220 - loadIPPluginJar : add nvic
2023-11-20 21:28:21,025 [INFO] IPUIPlugin:80 - create IPUIPlugin
2023-11-20 21:28:21,025 [INFO] PluginManager:220 - loadIPPluginJar : add opamp
2023-11-20 21:28:21,030 [INFO] IPUIPlugin:80 - create IPUIPlugin
2023-11-20 21:28:21,030 [INFO] PluginManager:220 - loadIPPluginJar : add openamp
2023-11-20 21:28:21,036 [INFO] IPUIPlugin:80 - create IPUIPlugin
2023-11-20 21:28:21,036 [INFO] PluginManager:220 - loadIPPluginJar : add pdm2pcm
2023-11-20 21:28:21,044 [INFO] IPUIPlugin:80 - create IPUIPlugin
2023-11-20 21:28:21,047 [INFO] PluginManager:220 - loadIPPluginJar : add plateformsettings
2023-11-20 21:28:21,050 [INFO] IPUIPlugin:80 - create IPUIPlugin
2023-11-20 21:28:21,050 [INFO] PluginManager:220 - loadIPPluginJar : add quadspi
2023-11-20 21:28:21,055 [INFO] IPUIPlugin:80 - create IPUIPlugin
2023-11-20 21:28:21,055 [INFO] PluginManager:220 - loadIPPluginJar : add resmgrutility
2023-11-20 21:28:21,060 [INFO] IPUIPlugin:80 - create IPUIPlugin
2023-11-20 21:28:21,060 [INFO] PluginManager:220 - loadIPPluginJar : add sai
2023-11-20 21:28:21,063 [INFO] IPUIPlugin:80 - create IPUIPlugin
2023-11-20 21:28:21,063 [INFO] PluginManager:220 - loadIPPluginJar : add spi
2023-11-20 21:28:21,072 [INFO] IPUIPlugin:80 - create IPUIPlugin
2023-11-20 21:28:21,072 [INFO] PluginManager:220 - loadIPPluginJar : add stm32_wpan
2023-11-20 21:28:21,075 [INFO] IPUIPlugin:80 - create IPUIPlugin
2023-11-20 21:28:21,075 [INFO] PluginManager:220 - loadIPPluginJar : add tim
2023-11-20 21:28:21,080 [INFO] IPUIPlugin:80 - create IPUIPlugin
2023-11-20 21:28:21,081 [INFO] PluginManager:220 - loadIPPluginJar : add touchsensing
2023-11-20 21:28:21,084 [INFO] IPUIPlugin:80 - create IPUIPlugin
2023-11-20 21:28:21,084 [INFO] PluginManager:220 - loadIPPluginJar : add tracer_emb
2023-11-20 21:28:21,086 [INFO] IPUIPlugin:80 - create IPUIPlugin
2023-11-20 21:28:21,087 [INFO] PluginManager:220 - loadIPPluginJar : add ts
2023-11-20 21:28:21,089 [INFO] IPUIPlugin:80 - create IPUIPlugin
2023-11-20 21:28:21,089 [INFO] PluginManager:220 - loadIPPluginJar : add tsc
2023-11-20 21:28:21,092 [INFO] IPUIPlugin:80 - create IPUIPlugin
2023-11-20 21:28:21,092 [INFO] PluginManager:220 - loadIPPluginJar : add ucpd
2023-11-20 21:28:21,095 [INFO] IPUIPlugin:80 - create IPUIPlugin
2023-11-20 21:28:21,097 [INFO] PluginManager:220 - loadIPPluginJar : add usart
2023-11-20 21:28:21,103 [INFO] IPUIPlugin:80 - create IPUIPlugin
2023-11-20 21:28:21,103 [INFO] PluginManager:220 - loadIPPluginJar : add usbx
2023-11-20 21:28:21,249 [INFO] CADModel:165 - CPN selected for project level
2023-11-20 21:28:21,250 [INFO] CADModel:114 - Register for checkConnection events
2023-11-20 21:28:21,250 [FATAL] Updater:308 - Updater called before beeing initialized
2023-11-20 21:28:21,250 [ERROR] CADModel:125 - Updater not yet initialized, retry later 
2023-11-20 21:28:21,431 [INFO] CADModel:165 - CPN selected for project level
2023-11-20 21:28:21,431 [INFO] CADModel:114 - Register for checkConnection events
2023-11-20 21:28:21,431 [FATAL] Updater:308 - Updater called before beeing initialized
2023-11-20 21:28:21,431 [ERROR] CADModel:125 - Updater not yet initialized, retry later 
2023-11-20 21:28:21,437 [FATAL] Updater:308 - Updater called before beeing initialized
2023-11-20 21:28:21,585 [FATAL] Updater:308 - Updater called before beeing initialized
2023-11-20 21:28:21,590 [INFO] DbMcusAds:53 - JSON generation date=Tue Mar 07 09:50:55 CET 2023 (1678179055335)
2023-11-20 21:28:21,590 [FATAL] Updater:308 - Updater called before beeing initialized
2023-11-20 21:28:21,638 [WARN] DetailPanel:346 - Failed to get advertising image, set to default
2023-11-20 21:28:21,796 [FATAL] Updater:308 - Updater called before beeing initialized
2023-11-20 21:28:21,798 [FATAL] Updater:308 - Updater called before beeing initialized
2023-11-20 21:28:21,799 [FATAL] Updater:308 - Updater called before beeing initialized
2023-11-20 21:28:21,799 [WARN] DetailPanel:346 - Failed to get advertising image, set to default
2023-11-20 21:28:21,800 [FATAL] Updater:308 - Updater called before beeing initialized
2023-11-20 21:28:21,859 [ERROR] Updater:1120 - MainUpdater not yet initialized. External WinMGr cannot be set.
2023-11-20 21:28:21,862 [INFO] Updater:1056 - Updater Version found : 6.9.2
2023-11-20 21:28:21,885 [INFO] ApplicationProperties:184 - Using Application install path: C:\ST\STM32CubeIDE_1.13.2\STM32CubeIDE\plugins\com.st.stm32cube.common.mx_6.9.2.202309101412
2023-11-20 21:28:22,026 [INFO] MainUpdater:2868 - connection check result : 10
2023-11-20 21:28:22,028 [INFO] MainUpdater:285 - Updater Check For Update Now.
2023-11-20 21:28:22,028 [INFO] MicroXplorer:498 - Change Database Version : DB.6.0.92
2023-11-20 21:28:22,040 [INFO] McuFinderGlobals:63 - Set McuFinder mode to 2 (CubeIDE integrated)
2023-11-20 21:28:22,040 [INFO] UserAuth:179 - activating auth plugin
2023-11-20 21:28:22,044 [INFO] UserAuth:393 - Internet connection configuration mode: 1
2023-11-20 21:28:22,074 [INFO] JxBrowserEngine:151 - Initiate JxBrowser Engine with user profile folder
2023-11-20 21:28:22,230 [INFO] CheckServerUpdateThread:120 - End of CheckServer Thread
2023-11-20 21:28:23,031 [INFO] WebApp:157 - Instantiating new browser for Auth
2023-11-20 21:28:23,442 [WARN] PackLoader:240 - Cannot read IP mode file for STMicroelectronics.X-CUBE-SMBUS.2.1.0
2023-11-20 21:28:23,485 [WARN] PackLoader:240 - Cannot read IP mode file for STMicroelectronics.X-CUBE-AZRTOS-F7.1.1.0
2023-11-20 21:28:23,503 [WARN] PackLoader:240 - Cannot read IP mode file for STMicroelectronics.FP-SNS-MOTENV1.4.3.2
2023-11-20 21:28:23,512 [WARN] PackLoader:240 - Cannot read IP mode file for STMicroelectronics.FP-SNS-FLIGHT1.5.0.2
2023-11-20 21:28:23,528 [WARN] PackLoader:240 - Cannot read IP mode file for STMicroelectronics.X-CUBE-DISPLAY.3.0.0
2023-11-20 21:28:23,548 [WARN] PackLoader:240 - Cannot read IP mode file for STMicroelectronics.X-CUBE-BLE1.7.0.0
2023-11-20 21:28:23,558 [WARN] PackLoader:240 - Cannot read IP mode file for emotas.I-CUBE-CANOPEN.1.3.0
2023-11-20 21:28:23,569 [WARN] PackLoader:240 - Cannot read IP mode file for STMicroelectronics.X-CUBE-TOUCHGFX.4.22.1
2023-11-20 21:28:23,576 [WARN] PackLoader:240 - Cannot read IP mode file for STMicroelectronics.FP-SNS-SMARTAG2.1.2.0
2023-11-20 21:28:23,593 [INFO] LogOutputStream:77 - [STDOUT_REDIRECT] 1 : Invalid condition id : UX_CORESTACK_Condition cause : null
2023-11-20 21:28:23,596 [INFO] LogOutputStream:77 - [STDOUT_REDIRECT] 1 : Invalid condition id : UX_CORESTACK_Condition cause : null
2023-11-20 21:28:23,597 [INFO] LogOutputStream:77 - [STDOUT_REDIRECT] 1 : Invalid condition id : UX_CORESTACK_Condition cause : null
2023-11-20 21:28:23,600 [INFO] LogOutputStream:77 - [STDOUT_REDIRECT] 1 : Invalid condition id : UX_CORESTACK_Condition cause : null
2023-11-20 21:28:23,602 [INFO] LogOutputStream:77 - [STDOUT_REDIRECT] 1 : Invalid condition id : UX_CORESTACK_Condition cause : null
2023-11-20 21:28:23,609 [WARN] PackLoader:240 - Cannot read IP mode file for STMicroelectronics.X-CUBE-AZRTOS-WL.2.0.0
2023-11-20 21:28:23,623 [WARN] PackLoader:240 - Cannot read IP mode file for WES.I-CUBE-Cesium.1.3.0
2023-11-20 21:28:23,631 [WARN] PackLoader:240 - Cannot read IP mode file for STMicroelectronics.X-CUBE-BLE2.3.3.0
2023-11-20 21:28:23,645 [WARN] PackLoader:240 - Cannot read IP mode file for STMicroelectronics.X-CUBE-ALGOBUILD.1.3.0
2023-11-20 21:28:23,669 [WARN] PackLoader:240 - Cannot read IP mode file for STMicroelectronics.X-CUBE-AZRTOS-G0.1.1.0
2023-11-20 21:28:23,680 [WARN] PackLoader:240 - Cannot read IP mode file for STMicroelectronics.X-CUBE-NFC4.3.0.0
2023-11-20 21:28:23,694 [WARN] PackLoader:240 - Cannot read IP mode file for STMicroelectronics.X-CUBE-BLEMGR.3.0.0
2023-11-20 21:28:23,705 [WARN] PackLoader:240 - Cannot read IP mode file for STMicroelectronics.FP-ATR-SIGFOX1.3.2.0
2023-11-20 21:28:23,713 [WARN] PackLoader:240 - Cannot read IP mode file for STMicroelectronics.X-CUBE-GNSS1.6.0.0
2023-11-20 21:28:23,740 [WARN] PackLoader:240 - Cannot read IP mode file for STMicroelectronics.X-CUBE-AZRTOS-F4.1.1.0
2023-11-20 21:28:23,749 [WARN] PackLoader:240 - Cannot read IP mode file for wolfSSL.I-CUBE-wolfSSL.5.6.4
2023-11-20 21:28:23,786 [WARN] PackLoader:240 - Cannot read IP mode file for STMicroelectronics.X-CUBE-AZRTOS-L5.2.0.0
2023-11-20 21:28:23,795 [WARN] PackLoader:240 - Cannot read IP mode file for STMicroelectronics.X-CUBE-EEPRMA1.4.2.0
2023-11-20 21:28:23,807 [WARN] PackLoader:240 - Cannot read IP mode file for ITTIA_DB.I-CUBE-ITTIADB.8.8.0
2023-11-20 21:28:23,823 [WARN] ConditionMgr:438 - getConditionDescription Invalid condition id : UX DEVICE CLASS RTOS Condition cause : null
2023-11-20 21:28:23,823 [WARN] ConditionMgr:438 - getConditionDescription Invalid condition id : UX DEVICE CLASS RTOS Condition cause : null
2023-11-20 21:28:23,827 [WARN] PackLoader:240 - Cannot read IP mode file for STMicroelectronics.X-CUBE-AZRTOS-H7.3.1.0
2023-11-20 21:28:23,828 [WARN] ConditionMgr:1039 - genDependencies : Invalid condition id : UX DEVICE CLASS RTOS Condition cause : null
2023-11-20 21:28:23,828 [WARN] ConditionMgr:1039 - genDependencies : Invalid condition id : UX DEVICE CLASS RTOS Condition cause : null
2023-11-20 21:28:23,829 [WARN] ConditionMgr:1039 - genDependencies : Invalid condition id : UX DEVICE CLASS RTOS Condition cause : null
2023-11-20 21:28:23,830 [WARN] ConditionMgr:1039 - genDependencies : Invalid condition id : UX DEVICE CLASS RTOS Condition cause : null
2023-11-20 21:28:23,830 [WARN] ConditionMgr:1039 - genDependencies : Invalid condition id : UX DEVICE CLASS RTOS Condition cause : null
2023-11-20 21:28:23,839 [WARN] PackLoader:240 - Cannot read IP mode file for STMicroelectronics.X-CUBE-NFC7.1.0.1
2023-11-20 21:28:23,848 [WARN] PackLoader:240 - Cannot read IP mode file for STMicroelectronics.X-CUBE-NFC6.3.0.0
2023-11-20 21:28:23,854 [WARN] PackLoader:240 - Cannot read IP mode file for STMicroelectronics.X-CUBE-AI.8.1.0
2023-11-20 21:28:23,870 [WARN] ConditionMgr:438 - getConditionDescription Invalid condition id : LAN8742 Phy interface Condition cause : null
2023-11-20 21:28:23,871 [WARN] PackLoader:240 - Cannot read IP mode file for STMicroelectronics.X-CUBE-AZRTOS-L4.2.0.0
2023-11-20 21:28:23,871 [WARN] ConditionMgr:1039 - genDependencies : Invalid condition id : LAN8742 Phy interface Condition cause : null
2023-11-20 21:28:23,871 [WARN] ConditionMgr:1039 - genDependencies : Invalid condition id : LAN8742 Phy interface Condition cause : null
2023-11-20 21:28:23,872 [WARN] ConditionMgr:1039 - genDependencies : Invalid condition id : LAN8742 Phy interface Condition cause : null
2023-11-20 21:28:23,880 [WARN] PackLoader:240 - Cannot read IP mode file for STMicroelectronics.X-CUBE-SFXS2LP1.4.0.0
2023-11-20 21:28:23,886 [WARN] PackLoader:240 - Cannot read IP mode file for STMicroelectronics.X-CUBE-ISPU.1.1.0
2023-11-20 21:28:23,898 [WARN] ConditionMgr:438 - getConditionDescription Invalid condition id : UX DEVICE CLASS RTOS Condition cause : null
2023-11-20 21:28:23,898 [WARN] ConditionMgr:438 - getConditionDescription Invalid condition id : UX DEVICE CLASS RTOS Condition cause : null
2023-11-20 21:28:23,901 [WARN] PackLoader:240 - Cannot read IP mode file for STMicroelectronics.X-CUBE-AZRTOS-WB.2.0.0
2023-11-20 21:28:23,902 [WARN] ConditionMgr:1039 - genDependencies : Invalid condition id : UX DEVICE CLASS RTOS Condition cause : null
2023-11-20 21:28:23,902 [WARN] ConditionMgr:1039 - genDependencies : Invalid condition id : UX DEVICE CLASS RTOS Condition cause : null
2023-11-20 21:28:23,903 [WARN] ConditionMgr:1039 - genDependencies : Invalid condition id : UX DEVICE CLASS RTOS Condition cause : null
2023-11-20 21:28:23,903 [WARN] ConditionMgr:1039 - genDependencies : Invalid condition id : UX DEVICE CLASS RTOS Condition cause : null
2023-11-20 21:28:23,903 [WARN] ConditionMgr:1039 - genDependencies : Invalid condition id : UX DEVICE CLASS RTOS Condition cause : null
2023-11-20 21:28:23,914 [WARN] PackLoader:240 - Cannot read IP mode file for STMicroelectronics.X-CUBE-SUBG2.5.0.0
2023-11-20 21:28:23,929 [WARN] PackLoader:240 - Cannot read IP mode file for STMicroelectronics.X-CUBE-TOF1.3.3.1
2023-11-20 21:28:23,953 [WARN] PackLoader:240 - Cannot read IP mode file for STMicroelectronics.X-CUBE-AZRTOS-G4.2.0.0
2023-11-20 21:28:23,973 [WARN] PackLoader:240 - Cannot read IP mode file for Infineon.AIROC-Wi-Fi-Bluetooth-STM32.1.5.1
2023-11-20 21:28:23,982 [WARN] PackLoader:240 - Cannot read IP mode file for STMicroelectronics.FP-SNS-MOTENVWB1.1.3.0
2023-11-20 21:28:24,017 [WARN] PackLoader:240 - Cannot read IP mode file for STMicroelectronics.X-CUBE-MEMS1.10.0.0
2023-11-20 21:28:24,124 [WARN] PackLoader:240 - Cannot read IP mode file for STMicroelectronics.X-CUBE-FREERTOS.1.1.0
2023-11-20 21:28:24,131 [WARN] PackLoader:240 - Cannot read IP mode file for portGmbH.I-Cube-SoM-uGOAL.1.1.0
2023-11-20 21:28:24,137 [WARN] PackLoader:240 - Cannot read IP mode file for STMicroelectronics.X-CUBE-ALS.1.0.1
2023-11-20 21:28:24,141 [WARN] PackLoader:240 - Cannot read IP mode file for STMicroelectronics.FP-ATR-ASTRA1.2.0.0
2023-11-20 21:28:24,142 [INFO] ThirdParty:978 - Integrity check success = true
2023-11-20 21:28:24,143 [INFO] IntegrityCheckThread:100 - exiting critical section [integrity check]
2023-11-20 21:28:24,143 [INFO] IntegrityCheckThread:103 - End integrity checks thread
2023-11-20 21:28:24,171 [INFO] WebApp:753 - Register for checkConnection events
2023-11-20 21:28:24,172 [INFO] WebApp:390 - Apply proxy settings
2023-11-20 21:28:24,173 [INFO] WebApp:475 - Chromium requires no authentication
2023-11-20 21:28:24,191 [INFO] WebApp:418 - Direct internet connection detected
2023-11-20 21:28:24,564 [INFO] WebApp:188 - Starting web application
2023-11-20 21:28:24,564 [INFO] WebApp:520 - Web application path used C:\ST\STM32CubeIDE_1.13.2\STM32CubeIDE\plugins\com.st.stm32cube.common.mx_6.9.2.202309101412\db\plugins\mcufinder\reactClient1\index.html
2023-11-20 21:28:45,366 [ERROR] LogOutputStream:75 - [STDERR_REDIRECT] SLF4J: Failed to load class "org.slf4j.impl.StaticLoggerBinder".
2023-11-20 21:28:45,368 [ERROR] LogOutputStream:75 - [STDERR_REDIRECT] SLF4J: Defaulting to no-operation (NOP) logger implementation
2023-11-20 21:28:45,369 [ERROR] LogOutputStream:75 - [STDERR_REDIRECT] SLF4J: See http://www.slf4j.org/codes.html#StaticLoggerBinder for further details.
2023-11-20 21:31:15,910 [ERROR] LogOutputStream:75 - [STDERR_REDIRECT] 
